
Showing logs for build [32mcb-kubecd-environment-pr-1336-5-lp5mj-1[0m stage [32mfrom-build-pack[0m and container [32mstep-credential-initializer-vbrjv[0m
{"level":"warn","ts":1585820003.5084443,"logger":"fallback-logger","caller":"logging/config.go:69","msg":"Fetch GitHub commit ID from kodata failed: \"ref: refs/heads/0.8.0-**-support-backwards-incompats\" is not a valid GitHub commit ID"}
{"level":"info","ts":1585820003.512883,"logger":"fallback-logger","caller":"creds-init/main.go:40","msg":"Credentials initialized."}

Showing logs for build [32mcb-kubecd-environment-pr-1336-5-lp5mj-1[0m stage [32mfrom-build-pack[0m and container [32mstep-working-dir-initializer-lxdxx[0m
{"level":"warn","ts":1585820005.3849382,"logger":"fallback-logger","caller":"logging/config.go:69","msg":"Fetch GitHub commit ID from kodata failed: open /var/run/ko/HEAD: no such file or directory"}
{"level":"info","ts":1585820005.516909,"logger":"fallback-logger","caller":"bash/main.go:64","msg":"Successfully executed command \"sh -c mkdir -p /workspace/source\"; output "}

Showing logs for build [32mcb-kubecd-environment-pr-1336-5-lp5mj-1[0m stage [32mfrom-build-pack[0m and container [32mstep-place-tools[0m

Showing logs for build [32mcb-kubecd-environment-pr-1336-5-lp5mj-1[0m stage [32mfrom-build-pack[0m and container [32mstep-git-source-cb-kubecd-environment-pr-1336-5-lp5mj-dd4kk[0m
{"level":"warn","ts":1585820011.050672,"logger":"fallback-logger","caller":"logging/config.go:69","msg":"Fetch GitHub commit ID from kodata failed: \"ref: refs/heads/0.8.0-**-support-backwards-incompats\" is not a valid GitHub commit ID"}
{"level":"info","ts":1585820012.164868,"logger":"fallback-logger","caller":"git/git.go:103","msg":"Successfully cloned https://github.com/cb-kubecd/environment-pr-1336-5-bdd-frontend-staging.git @ master in path /workspace/source"}

Showing logs for build [32mcb-kubecd-environment-pr-1336-5-lp5mj-1[0m stage [32mfrom-build-pack[0m and container [32mstep-git-merge[0m
Using SHAs from PULL_REFS=master:ac33c6d82c3089e6180da6a2085d82ea2f9141d5,1:a57a99f170788afeb8368f623dc48589d2aabc9e
DEBUG: LC_ALL=C JX_LOG_LEVEL=error git fetch origin --unshallow a57a99f170788afeb8368f623dc48589d2aabc9e: ac33c6d82c3089e6180da6a2085d82ea2f9141d5:
DEBUG: ran git fetch --unshallow origin a57a99f170788afeb8368f623dc48589d2aabc9e: ac33c6d82c3089e6180da6a2085d82ea2f9141d5: in 
DEBUG: LC_ALL=C JX_LOG_LEVEL=error git branch
DEBUG: JX_LOG_LEVEL=error LC_ALL=C git checkout master
DEBUG: ran git checkout master in 
DEBUG: LC_ALL=C JX_LOG_LEVEL=error git reset --hard ac33c6d82c3089e6180da6a2085d82ea2f9141d5
DEBUG: ran git reset --hard ac33c6d82c3089e6180da6a2085d82ea2f9141d5 in 
DEBUG: LC_ALL=C JX_LOG_LEVEL=error git clean -fd .
DEBUG: ran clean --force -d . in 
DEBUG: LC_ALL=C JX_LOG_LEVEL=error git merge a57a99f170788afeb8368f623dc48589d2aabc9e
DEBUG: ran git merge a57a99f170788afeb8368f623dc48589d2aabc9e in 
DEBUG: LC_ALL=C JX_LOG_LEVEL=error git log --format=%H%x1f%an%x1f%ae%x1f%cn%x1f%ce%x1f%s%n%b%x1e ac33c6d82c3089e6180da6a2085d82ea2f9141d5..HEAD
Merged SHA a57a99f170788afeb8368f623dc48589d2aabc9e with commit message 'chore: Promote bdd-nh-1585818860 to version 0.0.1' into base branch master

Showing logs for build [32mcb-kubecd-environment-pr-1336-5-lp5mj-1[0m stage [32mfrom-build-pack[0m and container [32mstep-build-helm-build[0m
WARNING: No $CHART_REPOSITORY defined so using the default value of: http://jenkins-x-chartmuseum:8080
Adding missing Helm repo: storage.googleapis.com https://storage.googleapis.com/chartmuseum.jenkins-x.io
WARNING: No secrets found on "helm/repos" due: reading the secret "helm/repos" from vault: no secret "helm/repos" not found in vault
Read credentials for https://storage.googleapis.com/chartmuseum.jenkins-x.io from vault helm/repos
Successfully added Helm repository storage.googleapis.com.
Adding missing Helm repo: jenkins-x-chartmuseum http://jenkins-x-chartmuseum:8080
WARNING: No secrets found on "helm/repos" due: reading the secret "helm/repos" from vault: no secret "helm/repos" not found in vault
Read credentials for http://jenkins-x-chartmuseum:8080 from vault helm/repos
Successfully added Helm repository jenkins-x-chartmuseum.
WARNING: No $CHART_REPOSITORY defined so using the default value of: http://jenkins-x-chartmuseum:8080
Adding missing Helm repo: chartmuseum.jenkins-x.io http://chartmuseum.jenkins-x.io
WARNING: No secrets found on "helm/repos" due: reading the secret "helm/repos" from vault: no secret "helm/repos" not found in vault
Read credentials for http://chartmuseum.jenkins-x.io from vault helm/repos
Successfully added Helm repository chartmuseum.jenkins-x.io.
